<?xml version="1.0" encoding="UTF-8"?>
<!-- Generated by org.testng.reporters.JUnitXMLReporter -->
<testsuite hostname="Harshita4452.local" ignored="0" name="Command line test" tests="3" failures="1" timestamp="2021-10-13T08:53:00 IST" time="125.086" errors="0">
  <testcase name="TC_01" time="58.147" classname="com.harshita.selenium.testcases.HomePageTest">
    <failure type="java.lang.AssertionError" message="expected [Email should be present in the account] but found [There is no email in the account]">
      <![CDATA[java.lang.AssertionError: expected [Email should be present in the account] but found [There is no email in the account]
at com.harshita.selenium.testcases.HomePageTest.TC_01(HomePageTest.java:29)
at java.util.ArrayList.forEach(ArrayList.java:1259)
... Removed 42 stack frames]]>
    </failure>
  </testcase> <!-- TC_01 -->
  <testcase name="TC_01" time="13.999" classname="com.harshita.selenium.testcases.HomePageTest"/>
  <testcase name="TC_02" time="49.711" classname="com.harshita.selenium.testcases.HomePageTest"/>
</testsuite> <!-- Command line test -->
