<?xml version="1.0" encoding="UTF-8" ?>
<testsuite tests="3" failures="1" name="com.harshita.selenium.testcases.HomePageTest" time="121.86" errors="0" skipped="0">
  <properties>
[...]
</properties>
  <testcase classname="com.harshita.selenium.testcases.HomePageTest" name="TC_01" time="58.151">
    <failure message="expected [Email should be present in the account] but found [There is no email in the account]" type="java.lang.AssertionError">java.lang.AssertionError: expected [Email should be present in the account] but found [There is no email in the account]
	at org.testng.Assert.fail(Assert.java:99)
	at org.testng.Assert.failNotEquals(Assert.java:1037)
	at org.testng.Assert.assertEqualsImpl(Assert.java:140)
	at org.testng.Assert.assertEquals(Assert.java:122)
	at org.testng.Assert.assertEquals(Assert.java:629)
	at org.testng.Assert.assertEquals(Assert.java:639)
	at com.harshita.selenium.testcases.HomePageTest.TC_01(HomePageTest.java:29)
</failure>
    <system-out>Configuring TestNG with: org.apache.maven.surefire.testng.conf.TestNG652Configurator@198e2867
Expected condition failed: waiting for visibility of element located by By.xpath: //tr[@class=&apos;zA zE&apos;][1] (tried for 30 second(s) with 500 milliseconds interval)
</system-out>
    <system-err>Starting ChromeDriver 94.0.4606.61 (418b78f5838ed0b1c69bb4e51ea0252171854915-refs/branch-heads/4606@{#1204}) on port 27817
Only local connections are allowed.
Please see https://chromedriver.chromium.org/security-considerations for suggestions on keeping ChromeDriver safe.
ChromeDriver was started successfully.
Oct 13, 2021 8:51:03 AM org.openqa.selenium.remote.ProtocolHandshake createSession
INFO: Detected dialect: W3C
</system-err>
  </testcase>
  <testcase classname="com.harshita.selenium.testcases.HomePageTest" name="TC_01" time="13.999"/>
  <testcase classname="com.harshita.selenium.testcases.HomePageTest" name="TC_02" time="49.71"/>
</testsuite>